# JRE version: OpenJDK Runtime Environment (8.0_152-b06) (build 1.8.0_152-release-1136-b06)
# Java VM: OpenJDK 64-Bit Server VM (25.152-b06 mixed mode linux-amd64 compressed oops)
Heap:
 PSYoungGen      total 193024K, used 13814K [0x00000000e0000000, 0x00000000eca00000, 0x0000000100000000)
  eden space 179200K, 0% used [0x00000000e0000000,0x00000000e0000000,0x00000000eaf00000)
  from space 13824K, 99% used [0x00000000eaf00000,0x00000000ebc7d828,0x00000000ebc80000)
  to   space 13824K, 0% used [0x00000000ebc80000,0x00000000ebc80000,0x00000000eca00000)
 ParOldGen       total 104960K, used 22012K [0x00000000a0000000, 0x00000000a6680000, 0x00000000e0000000)
  object space 104960K, 20% used [0x00000000a0000000,0x00000000a157f0e0,0x00000000a6680000)
 Metaspace       used 47384K, capacity 48344K, committed 48728K, reserved 1091584K
  class space    used 6418K, capacity 6709K, committed 6784K, reserved 1048576K
GC Heap History (10 events):
Event: 2.357 GC heap after
Heap after GC invocations=4 (full 0):
 PSYoungGen      total 130048K, used 5092K [0x00000000e0000000, 0x00000000e8400000, 0x0000000100000000)
  eden space 124928K, 0% used [0x00000000e0000000,0x00000000e0000000,0x00000000e7a00000)
  from space 5120K, 99% used [0x00000000e7f00000,0x00000000e83f9050,0x00000000e8400000)
  to   space 5120K, 0% used [0x00000000e7a00000,0x00000000e7a00000,0x00000000e7f00000)
 ParOldGen       total 83456K, used 8942K [0x00000000a0000000, 0x00000000a5180000, 0x00000000e0000000)
  object space 83456K, 10% used [0x00000000a0000000,0x00000000a08bbb50,0x00000000a5180000)
 Metaspace       used 20730K, capacity 21082K, committed 21248K, reserved 1067008K
  class space    used 2911K, capacity 3039K, committed 3072K, reserved 1048576K
}
Event: 2.357 GC heap before
{Heap before GC invocations=5 (full 1):
 PSYoungGen      total 130048K, used 5092K [0x00000000e0000000, 0x00000000e8400000, 0x0000000100000000)
  eden space 124928K, 0% used [0x00000000e0000000,0x00000000e0000000,0x00000000e7a00000)
  from space 5120K, 99% used [0x00000000e7f00000,0x00000000e83f9050,0x00000000e8400000)
  to   space 5120K, 0% used [0x00000000e7a00000,0x00000000e7a00000,0x00000000e7f00000)
 ParOldGen       total 83456K, used 8942K [0x00000000a0000000, 0x00000000a5180000, 0x00000000e0000000)
  object space 83456K, 10% used [0x00000000a0000000,0x00000000a08bbb50,0x00000000a5180000)
 Metaspace       used 20730K, capacity 21082K, committed 21248K, reserved 1067008K
  class space    used 2911K, capacity 3039K, committed 3072K, reserved 1048576K
Event: 2.411 GC heap after
Heap after GC invocations=5 (full 1):
 PSYoungGen      total 130048K, used 0K [0x00000000e0000000, 0x00000000e8400000, 0x0000000100000000)
  eden space 124928K, 0% used [0x00000000e0000000,0x00000000e0000000,0x00000000e7a00000)
  from space 5120K, 0% used [0x00000000e7f00000,0x00000000e7f00000,0x00000000e8400000)
  to   space 5120K, 0% used [0x00000000e7a00000,0x00000000e7a00000,0x00000000e7f00000)
 ParOldGen       total 67072K, used 13066K [0x00000000a0000000, 0x00000000a4180000, 0x00000000e0000000)
  object space 67072K, 19% used [0x00000000a0000000,0x00000000a0cc2be0,0x00000000a4180000)
 Metaspace       used 20730K, capacity 21082K, committed 21248K, reserved 1067008K
  class space    used 2911K, capacity 3039K, committed 3072K, reserved 1048576K
}
Event: 4.089 GC heap before
{Heap before GC invocations=6 (full 1):
 PSYoungGen      total 130048K, used 124928K [0x00000000e0000000, 0x00000000e8400000, 0x0000000100000000)
  eden space 124928K, 100% used [0x00000000e0000000,0x00000000e7a00000,0x00000000e7a00000)
  from space 5120K, 0% used [0x00000000e7f00000,0x00000000e7f00000,0x00000000e8400000)
  to   space 5120K, 0% used [0x00000000e7a00000,0x00000000e7a00000,0x00000000e7f00000)
 ParOldGen       total 67072K, used 13066K [0x00000000a0000000, 0x00000000a4180000, 0x00000000e0000000)
  object space 67072K, 19% used [0x00000000a0000000,0x00000000a0cc2be0,0x00000000a4180000)
 Metaspace       used 29395K, capacity 29882K, committed 30208K, reserved 1075200K
  class space    used 4120K, capacity 4278K, committed 4352K, reserved 1048576K
Event: 4.109 GC heap after
Heap after GC invocations=6 (full 1):
 PSYoungGen      total 130048K, used 5096K [0x00000000e0000000, 0x00000000eca00000, 0x0000000100000000)
  eden space 124928K, 0% used [0x00000000e0000000,0x00000000e0000000,0x00000000e7a00000)
  from space 5120K, 99% used [0x00000000e7a00000,0x00000000e7efa2d0,0x00000000e7f00000)
  to   space 13824K, 0% used [0x00000000ebc80000,0x00000000ebc80000,0x00000000eca00000)
 ParOldGen       total 67072K, used 19290K [0x00000000a0000000, 0x00000000a4180000, 0x00000000e0000000)
  object space 67072K, 28% used [0x00000000a0000000,0x00000000a12d6a48,0x00000000a4180000)
 Metaspace       used 29395K, capacity 29882K, committed 30208K, reserved 1075200K
  class space    used 4120K, capacity 4278K, committed 4352K, reserved 1048576K
}
Event: 5.073 GC heap before
{Heap before GC invocations=7 (full 1):
 PSYoungGen      total 130048K, used 45115K [0x00000000e0000000, 0x00000000eca00000, 0x0000000100000000)
  eden space 124928K, 32% used [0x00000000e0000000,0x00000000e2714ca0,0x00000000e7a00000)
  from space 5120K, 99% used [0x00000000e7a00000,0x00000000e7efa2d0,0x00000000e7f00000)
  to   space 13824K, 0% used [0x00000000ebc80000,0x00000000ebc80000,0x00000000eca00000)
 ParOldGen       total 67072K, used 19290K [0x00000000a0000000, 0x00000000a4180000, 0x00000000e0000000)
  object space 67072K, 28% used [0x00000000a0000000,0x00000000a12d6a48,0x00000000a4180000)
 Metaspace       used 34541K, capacity 35184K, committed 35416K, reserved 1079296K
  class space    used 4786K, capacity 4962K, committed 4992K, reserved 1048576K
Event: 5.090 GC heap after
Heap after GC invocations=7 (full 1):
 PSYoungGen      total 193024K, used 9546K [0x00000000e0000000, 0x00000000eca00000, 0x0000000100000000)
  eden space 179200K, 0% used [0x00000000e0000000,0x00000000e0000000,0x00000000eaf00000)
  from space 13824K, 69% used [0x00000000ebc80000,0x00000000ec5d2be8,0x00000000eca00000)
  to   space 13824K, 0% used [0x00000000eaf00000,0x00000000eaf00000,0x00000000ebc80000)
 ParOldGen       total 67072K, used 19298K [0x00000000a0000000, 0x00000000a4180000, 0x00000000e0000000)
  object space 67072K, 28% used [0x00000000a0000000,0x00000000a12d8a48,0x00000000a4180000)
 Metaspace       used 34541K, capacity 35184K, committed 35416K, reserved 1079296K
  class space    used 4786K, capacity 4962K, committed 4992K, reserved 1048576K
}
Event: 5.091 GC heap before
{Heap before GC invocations=8 (full 2):
 PSYoungGen      total 193024K, used 9546K [0x00000000e0000000, 0x00000000eca00000, 0x0000000100000000)
  eden space 179200K, 0% used [0x00000000e0000000,0x00000000e0000000,0x00000000eaf00000)
  from space 13824K, 69% used [0x00000000ebc80000,0x00000000ec5d2be8,0x00000000eca00000)
  to   space 13824K, 0% used [0x00000000eaf00000,0x00000000eaf00000,0x00000000ebc80000)
 ParOldGen       total 67072K, used 19298K [0x00000000a0000000, 0x00000000a4180000, 0x00000000e0000000)
  object space 67072K, 28% used [0x00000000a0000000,0x00000000a12d8a48,0x00000000a4180000)
 Metaspace       used 34541K, capacity 35184K, committed 35416K, reserved 1079296K
  class space    used 4786K, capacity 4962K, committed 4992K, reserved 1048576K
Event: 5.231 GC heap after
Heap after GC invocations=8 (full 2):
 PSYoungGen      total 193024K, used 0K [0x00000000e0000000, 0x00000000eca00000, 0x0000000100000000)
  eden space 179200K, 0% used [0x00000000e0000000,0x00000000e0000000,0x00000000eaf00000)
  from space 13824K, 0% used [0x00000000ebc80000,0x00000000ebc80000,0x00000000eca00000)
  to   space 13824K, 0% used [0x00000000eaf00000,0x00000000eaf00000,0x00000000ebc80000)
 ParOldGen       total 104960K, used 16054K [0x00000000a0000000, 0x00000000a6680000, 0x00000000e0000000)
  object space 104960K, 15% used [0x00000000a0000000,0x00000000a0fadb10,0x00000000a6680000)
 Metaspace       used 34541K, capacity 35184K, committed 35416K, reserved 1079296K
  class space    used 4786K, capacity 4962K, committed 4992K, reserved 1048576K
}
Event: 17.620 GC heap before
{Heap before GC invocations=9 (full 2):
 PSYoungGen      total 193024K, used 179200K [0x00000000e0000000, 0x00000000eca00000, 0x0000000100000000)
  eden space 179200K, 100% used [0x00000000e0000000,0x00000000eaf00000,0x00000000eaf00000)
  from space 13824K, 0% used [0x00000000ebc80000,0x00000000ebc80000,0x00000000eca00000)
  to   space 13824K, 0% used [0x00000000eaf00000,0x00000000eaf00000,0x00000000ebc80000)
 ParOldGen       total 104960K, used 16054K [0x00000000a0000000, 0x00000000a6680000, 0x00000000e0000000)
  object space 104960K, 15% used [0x00000000a0000000,0x00000000a0fadb10,0x00000000a6680000)
 Metaspace       used 47384K, capacity 48344K, committed 48728K, reserved 1091584K
  class space    used 6418K, capacity 6709K, committed 6784K, reserved 1048576K

